::1 - - [09/May/2024:11:13:10 -0600] "GET / HTTP/1.1" 200 46
::1 - - [09/May/2024:11:13:10 -0600] "GET /favicon.ico HTTP/1.1" 404 196
::1 - - [09/May/2024:11:13:11 -0600] "GET / HTTP/1.1" 200 46
::1 - - [09/May/2024:11:13:11 -0600] "GET /favicon.ico HTTP/1.1" 404 196
::1 - - [09/May/2024:11:13:45 -0600] "GET / HTTP/1.1" 200 46
::1 - - [09/May/2024:11:13:45 -0600] "GET /favicon.ico HTTP/1.1" 404 196
::1 - - [09/May/2024:11:13:45 -0600] "GET / HTTP/1.1" 200 46
::1 - - [09/May/2024:11:13:45 -0600] "GET /favicon.ico HTTP/1.1" 404 196
::1 - - [09/May/2024:11:13:46 -0600] "GET / HTTP/1.1" 200 46
::1 - - [09/May/2024:11:13:46 -0600] "GET /favicon.ico HTTP/1.1" 404 196
::1 - - [09/May/2024:11:13:46 -0600] "GET / HTTP/1.1" 200 46
::1 - - [09/May/2024:11:13:46 -0600] "GET /favicon.ico HTTP/1.1" 404 196
::1 - - [09/May/2024:11:31:53 -0600] "GET / HTTP/1.1" 200 77875
::1 - - [09/May/2024:11:31:54 -0600] "GET /favicon.ico HTTP/1.1" 404 196
::1 - - [09/May/2024:11:32:47 -0600] "GET /index.php HTTP/1.1" 200 77569
::1 - - [09/May/2024:11:32:53 -0600] "GET /index.html HTTP/1.1" 200 46
::1 - - [09/May/2024:11:32:58 -0600] "GET /ivendedor HTTP/1.1" 404 196
::1 - - [09/May/2024:11:33:02 -0600] "GET /vendedor HTTP/1.1" 404 196
::1 - - [09/May/2024:11:36:01 -0600] "GET / HTTP/1.1" 200 2047
::1 - - [09/May/2024:11:36:01 -0600] "GET /css/styles.css HTTP/1.1" 200 780
::1 - - [09/May/2024:11:36:37 -0600] "GET / HTTP/1.1" 200 2196
::1 - - [09/May/2024:11:36:47 -0600] "GET / HTTP/1.1" 200 5735
::1 - - [09/May/2024:11:37:34 -0600] "GET / HTTP/1.1" 200 3656
::1 - - [09/May/2024:11:38:34 -0600] "GET / HTTP/1.1" 200 2047
::1 - - [09/May/2024:11:39:03 -0600] "GET / HTTP/1.1" 200 2047
::1 - - [09/May/2024:11:39:03 -0600] "GET /css/styles.css HTTP/1.1" 200 780
::1 - - [09/May/2024:11:39:03 -0600] "GET /favicon.ico HTTP/1.1" 200 15406
::1 - - [09/May/2024:11:39:49 -0600] "GET / HTTP/1.1" 200 819
::1 - - [09/May/2024:11:40:19 -0600] "GET / HTTP/1.1" 200 2047
::1 - - [09/May/2024:11:40:32 -0600] "GET / HTTP/1.1" 200 1898
::1 - - [09/May/2024:11:41:03 -0600] "GET /vendedor HTTP/1.1" 404 196
::1 - - [09/May/2024:11:41:44 -0600] "GET / HTTP/1.1" 200 1898
::1 - - [09/May/2024:11:41:53 -0600] "GET /info.php HTTP/1.1" 200 77562
::1 - - [09/May/2024:11:54:20 -0600] "GET /info.php HTTP/1.1" 200 17
::1 - - [09/May/2024:12:08:23 -0600] "GET /info.php HTTP/1.1" 200 17
::1 - - [09/May/2024:12:08:24 -0600] "GET /favicon.ico HTTP/1.1" 200 15406
::1 - - [09/May/2024:12:08:25 -0600] "GET /info.php HTTP/1.1" 200 17
::1 - - [09/May/2024:12:08:25 -0600] "GET /favicon.ico HTTP/1.1" 200 15406
::1 - - [09/May/2024:12:08:26 -0600] "GET /info.php HTTP/1.1" 200 17
::1 - - [09/May/2024:12:08:26 -0600] "GET /favicon.ico HTTP/1.1" 200 15406
::1 - - [09/May/2024:12:08:26 -0600] "GET /info.php HTTP/1.1" 200 17
::1 - - [09/May/2024:12:08:26 -0600] "GET /favicon.ico HTTP/1.1" 200 15406
::1 - - [09/May/2024:12:08:26 -0600] "GET /info.php HTTP/1.1" 200 17
::1 - - [09/May/2024:12:08:26 -0600] "GET /favicon.ico HTTP/1.1" 200 15406
::1 - - [09/May/2024:12:09:21 -0600] "GET /info.php HTTP/1.1" 200 17
::1 - - [09/May/2024:12:09:21 -0600] "GET /favicon.ico HTTP/1.1" 200 15406
::1 - - [09/May/2024:12:09:22 -0600] "GET /info.php HTTP/1.1" 200 17
::1 - - [09/May/2024:12:09:22 -0600] "GET /favicon.ico HTTP/1.1" 200 15406
::1 - - [09/May/2024:12:09:22 -0600] "GET /info.php HTTP/1.1" 200 17
::1 - - [09/May/2024:12:09:22 -0600] "GET /favicon.ico HTTP/1.1" 200 15406
::1 - - [09/May/2024:12:09:26 -0600] "GET /info.php HTTP/1.1" 200 17
::1 - - [09/May/2024:12:09:38 -0600] "GET /info.php HTTP/1.1" 200 17
::1 - - [09/May/2024:12:09:38 -0600] "GET /favicon.ico HTTP/1.1" 200 15406
127.0.0.1 - - [09/May/2024:12:10:20 -0600] "GET /info.php HTTP/1.1" 200 17
127.0.0.1 - - [09/May/2024:12:10:21 -0600] "GET /info.php HTTP/1.1" 200 17
::1 - - [09/May/2024:12:10:21 -0600] "GET /favicon.ico HTTP/1.1" 200 15406
::1 - - [09/May/2024:12:10:21 -0600] "GET /info.php HTTP/1.1" 200 17
::1 - - [09/May/2024:12:10:21 -0600] "GET /favicon.ico HTTP/1.1" 200 15406
::1 - - [09/May/2024:12:10:22 -0600] "GET /info.php HTTP/1.1" 200 17
::1 - - [09/May/2024:12:10:22 -0600] "GET /favicon.ico HTTP/1.1" 200 15406
::1 - - [09/May/2024:12:10:22 -0600] "GET /info.php HTTP/1.1" 200 17
::1 - - [09/May/2024:12:10:22 -0600] "GET /favicon.ico HTTP/1.1" 200 15406
::1 - - [09/May/2024:12:11:08 -0600] "GET /info.php HTTP/1.1" 200 17
::1 - - [09/May/2024:12:11:09 -0600] "GET /favicon.ico HTTP/1.1" 200 15406
::1 - - [09/May/2024:12:11:10 -0600] "GET /info.php HTTP/1.1" 200 17
::1 - - [09/May/2024:12:11:10 -0600] "GET /favicon.ico HTTP/1.1" 200 15406
::1 - - [09/May/2024:12:11:10 -0600] "GET /info.php HTTP/1.1" 200 17
::1 - - [09/May/2024:12:11:10 -0600] "GET /favicon.ico HTTP/1.1" 200 15406
127.0.0.1 - - [09/May/2024:12:12:08 -0600] "-" 408 -
::1 - - [09/May/2024:12:16:14 -0600] "GET / HTTP/1.1" 200 2238
::1 - - [09/May/2024:12:19:11 -0600] "GET / HTTP/1.1" 200 2238
::1 - - [09/May/2024:12:19:12 -0600] "GET /favicon.ico HTTP/1.1" 200 15406
127.0.0.1 - - [09/May/2024:12:19:20 -0600] "GET / HTTP/1.1" 304 -
::1 - - [09/May/2024:12:22:11 -0600] "GET / HTTP/1.1" 200 2238
::1 - - [09/May/2024:12:22:11 -0600] "GET /favicon.ico HTTP/1.1" 200 15406
::1 - - [09/May/2024:12:22:18 -0600] "GET / HTTP/1.1" 200 2238
::1 - - [09/May/2024:12:22:18 -0600] "GET /favicon.ico HTTP/1.1" 200 15406
::1 - - [09/May/2024:12:22:19 -0600] "GET / HTTP/1.1" 304 -
::1 - - [09/May/2024:12:22:22 -0600] "GET / HTTP/1.1" 304 -
::1 - - [09/May/2024:12:22:25 -0600] "GET / HTTP/1.1" 304 -
::1 - - [09/May/2024:12:22:26 -0600] "GET / HTTP/1.1" 304 -
127.0.0.1 - - [09/May/2024:12:22:50 -0600] "GET / HTTP/1.1" 304 -
127.0.0.1 - - [09/May/2024:12:22:51 -0600] "GET / HTTP/1.1" 304 -
127.0.0.1 - - [09/May/2024:12:22:52 -0600] "GET / HTTP/1.1" 304 -
127.0.0.1 - - [09/May/2024:12:22:54 -0600] "GET / HTTP/1.1" 304 -
::1 - - [09/May/2024:12:22:57 -0600] "GET / HTTP/1.1" 200 1898
127.0.0.1 - - [09/May/2024:12:23:57 -0600] "-" 408 -
::1 - - [09/May/2024:12:24:56 -0600] "GET / HTTP/1.1" 200 1898
::1 - - [09/May/2024:12:24:56 -0600] "GET /css/styles.css HTTP/1.1" 200 780
::1 - - [09/May/2024:12:24:56 -0600] "GET /favicon.ico HTTP/1.1" 200 15406
::1 - - [09/May/2024:12:25:18 -0600] "GET / HTTP/1.1" 200 1898
::1 - - [09/May/2024:12:25:20 -0600] "GET / HTTP/1.1" 200 1898
127.0.0.1 - - [09/May/2024:12:26:18 -0600] "-" 408 -
::1 - - [09/May/2024:12:27:19 -0600] "GET / HTTP/1.1" 200 1898
::1 - - [09/May/2024:12:27:19 -0600] "GET /css/styles.css HTTP/1.1" 200 780
::1 - - [09/May/2024:12:27:20 -0600] "GET /favicon.ico HTTP/1.1" 200 15406
::1 - - [09/May/2024:12:27:23 -0600] "GET /interaccion HTTP/1.1" 404 196
127.0.0.1 - - [09/May/2024:12:28:04 -0600] "GET / HTTP/1.1" 200 1898
::1 - - [09/May/2024:12:28:22 -0600] "GET / HTTP/1.1" 200 819
127.0.0.1 - - [09/May/2024:12:29:04 -0600] "-" 408 -
::1 - - [09/May/2024:12:30:05 -0600] "GET / HTTP/1.1" 200 1898
::1 - - [09/May/2024:12:30:08 -0600] "GET / HTTP/1.1" 200 819
::1 - - [09/May/2024:12:30:43 -0600] "GET / HTTP/1.1" 200 1898
::1 - - [09/May/2024:12:35:02 -0600] "GET / HTTP/1.1" 200 2238
::1 - - [09/May/2024:12:36:06 -0600] "GET / HTTP/1.1" 200 2238
::1 - - [09/May/2024:12:36:11 -0600] "GET / HTTP/1.1" 304 -
::1 - - [09/May/2024:12:36:19 -0600] "GET / HTTP/1.1" 304 -
127.0.0.1 - - [09/May/2024:12:37:35 -0600] "GET / HTTP/1.1" 304 -
127.0.0.1 - - [09/May/2024:12:37:36 -0600] "GET / HTTP/1.1" 304 -
127.0.0.1 - - [09/May/2024:12:37:36 -0600] "GET / HTTP/1.1" 304 -
127.0.0.1 - - [09/May/2024:12:37:37 -0600] "GET / HTTP/1.1" 304 -
127.0.0.1 - - [09/May/2024:12:37:37 -0600] "GET / HTTP/1.1" 304 -
::1 - - [09/May/2024:12:37:41 -0600] "GET / HTTP/1.1" 200 2238
::1 - - [09/May/2024:12:42:45 -0600] "GET / HTTP/1.1" 304 -
::1 - - [09/May/2024:12:42:48 -0600] "GET / HTTP/1.1" 200 2238
::1 - - [09/May/2024:12:43:32 -0600] "GET / HTTP/1.1" 200 2238
::1 - - [09/May/2024:12:43:33 -0600] "GET /favicon.ico HTTP/1.1" 200 15406
::1 - - [09/May/2024:12:43:35 -0600] "GET / HTTP/1.1" 200 2238
::1 - - [09/May/2024:12:44:07 -0600] "GET / HTTP/1.1" 200 2238
::1 - - [09/May/2024:12:44:28 -0600] "GET / HTTP/1.1" 200 2238
::1 - - [09/May/2024:12:44:30 -0600] "GET / HTTP/1.1" 200 2238
127.0.0.1 - - [09/May/2024:12:45:27 -0600] "GET / HTTP/1.1" 304 -
::1 - - [09/May/2024:12:45:31 -0600] "GET / HTTP/1.1" 304 -
::1 - - [09/May/2024:12:45:32 -0600] "GET / HTTP/1.1" 200 2238
127.0.0.1 - - [09/May/2024:12:46:17 -0600] "GET / HTTP/1.1" 200 2238
::1 - - [09/May/2024:12:46:23 -0600] "GET / HTTP/1.1" 304 -
::1 - - [09/May/2024:12:46:23 -0600] "GET /favicon.ico HTTP/1.1" 200 15406
::1 - - [09/May/2024:12:46:24 -0600] "GET / HTTP/1.1" 200 2238
::1 - - [09/May/2024:12:48:01 -0600] "GET / HTTP/1.1" 200 2238
::1 - - [09/May/2024:12:52:53 -0600] "GET / HTTP/1.1" 200 2238
::1 - - [09/May/2024:12:52:54 -0600] "GET / HTTP/1.1" 200 2238
::1 - - [09/May/2024:12:52:54 -0600] "GET /favicon.ico HTTP/1.1" 200 15406
127.0.0.1 - - [09/May/2024:12:53:05 -0600] "GET / HTTP/1.1" 200 2238
127.0.0.1 - - [09/May/2024:12:53:05 -0600] "GET /favicon.ico HTTP/1.1" 200 15406
::1 - - [09/May/2024:12:53:23 -0600] "GET / HTTP/1.1" 200 2238
::1 - - [09/May/2024:12:53:24 -0600] "GET / HTTP/1.1" 304 -
::1 - - [09/May/2024:12:53:27 -0600] "GET / HTTP/1.1" 200 2238
::1 - - [09/May/2024:12:53:27 -0600] "GET /favicon.ico HTTP/1.1" 200 15406
::1 - - [09/May/2024:12:53:27 -0600] "GET / HTTP/1.1" 200 2238
::1 - - [09/May/2024:12:53:27 -0600] "GET /favicon.ico HTTP/1.1" 200 15406
::1 - - [09/May/2024:12:53:27 -0600] "GET / HTTP/1.1" 200 2238
::1 - - [09/May/2024:12:53:27 -0600] "GET /favicon.ico HTTP/1.1" 200 15406
::1 - - [09/May/2024:12:53:27 -0600] "GET / HTTP/1.1" 200 2238
::1 - - [09/May/2024:12:53:27 -0600] "GET /favicon.ico HTTP/1.1" 200 15406
::1 - - [09/May/2024:12:53:27 -0600] "GET / HTTP/1.1" 200 2238
::1 - - [09/May/2024:12:53:28 -0600] "GET /favicon.ico HTTP/1.1" 200 15406
::1 - - [09/May/2024:12:53:28 -0600] "GET / HTTP/1.1" 200 2238
::1 - - [09/May/2024:12:53:28 -0600] "GET /favicon.ico HTTP/1.1" 200 15406
::1 - - [09/May/2024:12:53:28 -0600] "GET / HTTP/1.1" 200 2238
::1 - - [09/May/2024:12:53:28 -0600] "GET /favicon.ico HTTP/1.1" 200 15406
::1 - - [09/May/2024:12:53:28 -0600] "GET / HTTP/1.1" 200 2238
::1 - - [09/May/2024:12:53:28 -0600] "GET /favicon.ico HTTP/1.1" 200 15406
::1 - - [09/May/2024:12:53:28 -0600] "GET / HTTP/1.1" 200 2238
::1 - - [09/May/2024:12:53:28 -0600] "GET /favicon.ico HTTP/1.1" 200 15406
::1 - - [09/May/2024:12:53:28 -0600] "GET / HTTP/1.1" 200 2238
::1 - - [09/May/2024:12:53:28 -0600] "GET /favicon.ico HTTP/1.1" 200 15406
::1 - - [09/May/2024:12:53:28 -0600] "GET / HTTP/1.1" 200 2238
::1 - - [09/May/2024:12:53:28 -0600] "GET /favicon.ico HTTP/1.1" 200 15406
::1 - - [09/May/2024:12:53:28 -0600] "GET / HTTP/1.1" 200 2238
::1 - - [09/May/2024:12:53:28 -0600] "GET /favicon.ico HTTP/1.1" 200 15406
::1 - - [09/May/2024:12:53:28 -0600] "GET / HTTP/1.1" 200 2238
::1 - - [09/May/2024:12:53:29 -0600] "GET /favicon.ico HTTP/1.1" 200 15406
::1 - - [09/May/2024:12:53:29 -0600] "GET / HTTP/1.1" 200 2238
::1 - - [09/May/2024:12:53:29 -0600] "GET /favicon.ico HTTP/1.1" 200 15406
::1 - - [09/May/2024:12:53:29 -0600] "GET / HTTP/1.1" 200 2238
::1 - - [09/May/2024:12:53:29 -0600] "GET /favicon.ico HTTP/1.1" 200 15406
::1 - - [09/May/2024:12:53:29 -0600] "GET / HTTP/1.1" 200 2238
::1 - - [09/May/2024:12:53:29 -0600] "GET /favicon.ico HTTP/1.1" 200 15406
::1 - - [09/May/2024:12:53:29 -0600] "GET / HTTP/1.1" 200 2238
::1 - - [09/May/2024:12:53:29 -0600] "GET /favicon.ico HTTP/1.1" 200 15406
::1 - - [09/May/2024:12:53:29 -0600] "GET / HTTP/1.1" 200 2238
::1 - - [09/May/2024:12:53:29 -0600] "GET /favicon.ico HTTP/1.1" 200 15406
127.0.0.1 - - [09/May/2024:12:53:50 -0600] "GET / HTTP/1.1" 304 -
127.0.0.1 - - [09/May/2024:12:53:53 -0600] "GET / HTTP/1.1" 200 1383
127.0.0.1 - - [09/May/2024:12:53:56 -0600] "GET / HTTP/1.1" 200 1383
127.0.0.1 - - [09/May/2024:12:53:56 -0600] "GET /favicon.ico HTTP/1.1" 200 15406
127.0.0.1 - - [09/May/2024:12:54:01 -0600] "GET /index.php HTTP/1.1" 200 2238
127.0.0.1 - - [09/May/2024:12:54:53 -0600] "-" 408 -
127.0.0.1 - - [09/May/2024:12:55:23 -0600] "GET / HTTP/1.1" 200 1383
127.0.0.1 - - [09/May/2024:12:55:24 -0600] "GET / HTTP/1.1" 200 1383
127.0.0.1 - - [09/May/2024:12:55:28 -0600] "GET /info.php HTTP/1.1" 200 78014
127.0.0.1 - - [09/May/2024:12:56:23 -0600] "-" 408 -
::1 - - [09/May/2024:12:56:41 -0600] "GET /info.php HTTP/1.1" 200 17
127.0.0.1 - - [09/May/2024:12:57:41 -0600] "-" 408 -
::1 - - [09/May/2024:12:59:36 -0600] "GET /info.php HTTP/1.1" 200 17
::1 - - [09/May/2024:12:59:36 -0600] "GET /favicon.ico HTTP/1.1" 200 15406
::1 - - [09/May/2024:12:59:37 -0600] "GET /info.php HTTP/1.1" 200 17
::1 - - [09/May/2024:12:59:37 -0600] "GET /favicon.ico HTTP/1.1" 200 15406
::1 - - [09/May/2024:12:59:38 -0600] "GET /info.php HTTP/1.1" 200 17
::1 - - [09/May/2024:12:59:38 -0600] "GET /favicon.ico HTTP/1.1" 200 15406
::1 - - [09/May/2024:12:59:38 -0600] "GET /info.php HTTP/1.1" 200 17
::1 - - [09/May/2024:12:59:38 -0600] "GET /favicon.ico HTTP/1.1" 200 15406
::1 - - [09/May/2024:12:59:38 -0600] "GET /info.php HTTP/1.1" 200 17
::1 - - [09/May/2024:12:59:38 -0600] "GET /favicon.ico HTTP/1.1" 200 15406
::1 - - [09/May/2024:13:01:08 -0600] "GET /info.php HTTP/1.1" 304 -
::1 - - [09/May/2024:13:01:08 -0600] "GET /info.php HTTP/1.1" 304 -
::1 - - [09/May/2024:13:01:08 -0600] "GET /info.php HTTP/1.1" 304 -
::1 - - [09/May/2024:13:01:08 -0600] "GET /info.php HTTP/1.1" 304 -
::1 - - [09/May/2024:13:01:10 -0600] "GET / HTTP/1.1" 200 17
::1 - - [09/May/2024:13:02:36 -0600] "GET / HTTP/1.1" 200 17
::1 - - [09/May/2024:13:02:36 -0600] "GET /favicon.ico HTTP/1.1" 200 15406
127.0.0.1 - - [09/May/2024:13:02:51 -0600] "GET / HTTP/1.1" 304 -
::1 - - [09/May/2024:13:02:53 -0600] "GET / HTTP/1.1" 200 17
::1 - - [09/May/2024:13:02:54 -0600] "GET / HTTP/1.1" 304 -
::1 - - [09/May/2024:13:02:55 -0600] "GET / HTTP/1.1" 200 17
::1 - - [09/May/2024:13:02:55 -0600] "GET /favicon.ico HTTP/1.1" 200 15406
::1 - - [09/May/2024:13:02:56 -0600] "GET / HTTP/1.1" 200 17
::1 - - [09/May/2024:13:02:56 -0600] "GET /favicon.ico HTTP/1.1" 200 15406
::1 - - [09/May/2024:13:02:56 -0600] "GET / HTTP/1.1" 200 17
::1 - - [09/May/2024:13:02:56 -0600] "GET /favicon.ico HTTP/1.1" 200 15406
::1 - - [09/May/2024:13:02:56 -0600] "GET / HTTP/1.1" 200 17
::1 - - [09/May/2024:13:02:56 -0600] "GET /favicon.ico HTTP/1.1" 200 15406
::1 - - [09/May/2024:13:09:09 -0600] "GET / HTTP/1.1" 200 78145
::1 - - [09/May/2024:13:11:44 -0600] "GET / HTTP/1.1" 200 77717
::1 - - [09/May/2024:13:11:48 -0600] "GET /route HTTP/1.1" 404 196
::1 - - [09/May/2024:13:14:35 -0600] "GET / HTTP/1.1" 200 77716
::1 - - [09/May/2024:13:14:40 -0600] "GET / HTTP/1.1" 200 74685
127.0.0.1 - - [09/May/2024:13:15:35 -0600] "-" 408 -
::1 - - [09/May/2024:13:15:50 -0600] "GET / HTTP/1.1" 200 78027
::1 - - [09/May/2024:13:15:51 -0600] "GET / HTTP/1.1" 200 78027
::1 - - [09/May/2024:13:15:53 -0600] "GET / HTTP/1.1" 200 74995
127.0.0.1 - - [09/May/2024:13:16:10 -0600] "GET /vendedor HTTP/1.1" 200 78484
::1 - - [09/May/2024:13:16:20 -0600] "GET /vendedor HTTP/1.1" 200 78631
::1 - - [09/May/2024:13:17:08 -0600] "GET / HTTP/1.1" 200 1898
::1 - - [09/May/2024:13:17:10 -0600] "GET /vendedor HTTP/1.1" 200 2868
::1 - - [09/May/2024:13:17:10 -0600] "GET /views/vendedores/index.js HTTP/1.1" 404 1562
::1 - - [09/May/2024:13:17:32 -0600] "GET /vendedor HTTP/1.1" 200 2868
::1 - - [09/May/2024:13:17:32 -0600] "GET /css/styles.css HTTP/1.1" 404 1562
::1 - - [09/May/2024:13:17:32 -0600] "GET /views/vendedores/index.js HTTP/1.1" 404 1562
::1 - - [09/May/2024:13:17:34 -0600] "GET /favicon.ico HTTP/1.1" 404 1562
::1 - - [09/May/2024:13:17:35 -0600] "GET /vendedor HTTP/1.1" 200 2868
::1 - - [09/May/2024:13:17:35 -0600] "GET /css/styles.css HTTP/1.1" 404 1562
::1 - - [09/May/2024:13:17:35 -0600] "GET /views/vendedores/index.js HTTP/1.1" 404 1562
::1 - - [09/May/2024:13:17:36 -0600] "GET /favicon.ico HTTP/1.1" 404 1562
::1 - - [09/May/2024:13:17:44 -0600] "GET / HTTP/1.1" 200 1898
::1 - - [09/May/2024:13:17:44 -0600] "GET /css/styles.css HTTP/1.1" 404 1562
::1 - - [09/May/2024:13:17:46 -0600] "GET / HTTP/1.1" 200 1898
::1 - - [09/May/2024:13:17:46 -0600] "GET /css/styles.css HTTP/1.1" 404 1562
::1 - - [09/May/2024:13:17:46 -0600] "GET /favicon.ico HTTP/1.1" 404 1562
::1 - - [09/May/2024:13:17:50 -0600] "GET / HTTP/1.1" 200 1898
::1 - - [09/May/2024:13:17:50 -0600] "GET /css/styles.css HTTP/1.1" 404 1562
::1 - - [09/May/2024:13:17:50 -0600] "GET / HTTP/1.1" 200 1898
::1 - - [09/May/2024:13:17:50 -0600] "GET /css/styles.css HTTP/1.1" 404 1562
::1 - - [09/May/2024:13:17:51 -0600] "GET / HTTP/1.1" 200 1898
::1 - - [09/May/2024:13:17:51 -0600] "GET /css/styles.css HTTP/1.1" 404 1562
::1 - - [09/May/2024:13:17:51 -0600] "GET / HTTP/1.1" 200 1898
::1 - - [09/May/2024:13:17:51 -0600] "GET /css/styles.css HTTP/1.1" 404 1562
::1 - - [09/May/2024:13:18:01 -0600] "GET /info.php HTTP/1.1" 404 1562
::1 - - [09/May/2024:13:18:01 -0600] "GET /css/styles.css HTTP/1.1" 404 1562
::1 - - [09/May/2024:13:18:28 -0600] "GET /vendedor HTTP/1.1" 200 2868
::1 - - [09/May/2024:13:18:28 -0600] "GET /views/vendedores/index.js HTTP/1.1" 404 1562
::1 - - [09/May/2024:13:18:28 -0600] "GET /css/styles.css HTTP/1.1" 404 1562
::1 - - [09/May/2024:13:18:31 -0600] "GET /css/styles.css HTTP/1.1" 404 1562
::1 - - [09/May/2024:13:20:20 -0600] "GET /css/styles.css HTTP/1.1" 404 1562
::1 - - [09/May/2024:13:20:20 -0600] "GET /css/styles.css HTTP/1.1" 404 1562
::1 - - [09/May/2024:13:20:59 -0600] "GET /css/styles.css HTTP/1.1" 404 1562
::1 - - [09/May/2024:13:20:59 -0600] "GET /css/styles.css HTTP/1.1" 404 1562
127.0.0.1 - - [09/May/2024:13:21:13 -0600] "GET / HTTP/1.1" 200 1898
127.0.0.1 - - [09/May/2024:13:21:13 -0600] "GET /css/styles.css HTTP/1.1" 404 1562
::1 - - [09/May/2024:13:21:37 -0600] "GET /css/styles.css HTTP/1.1" 404 1562
::1 - - [09/May/2024:13:21:37 -0600] "GET /css/styles.css HTTP/1.1" 404 1562
::1 - - [09/May/2024:13:25:27 -0600] "GET / HTTP/1.1" 200 78026
::1 - - [09/May/2024:13:25:49 -0600] "GET /vendedor HTTP/1.1" 404 196
::1 - - [09/May/2024:13:26:31 -0600] "GET / HTTP/1.1" 200 1898
::1 - - [09/May/2024:13:26:31 -0600] "GET /css/styles.css HTTP/1.1" 200 780
127.0.0.1 - - [09/May/2024:13:26:38 -0600] "GET /info.php HTTP/1.1" 200 77928
::1 - - [09/May/2024:13:27:44 -0600] "GET /.env HTTP/1.1" 200 251
::1 - - [09/May/2024:13:30:00 -0600] "GET / HTTP/1.1" 200 1898
::1 - - [09/May/2024:13:30:02 -0600] "GET / HTTP/1.1" 200 1898
::1 - - [09/May/2024:13:30:03 -0600] "GET /vendedor HTTP/1.1" 200 2868
::1 - - [09/May/2024:13:30:03 -0600] "GET /views/vendedores/index.js HTTP/1.1" 200 1545
::1 - - [09/May/2024:13:30:03 -0600] "GET /scripts/functions/functions.js HTTP/1.1" 200 2678
::1 - - [09/May/2024:13:30:03 -0600] "GET /vendedor?max=100&offset=0 HTTP/1.1" 200 5604
::1 - - [09/May/2024:13:30:03 -0600] "GET /template?file=tableHeader.html HTTP/1.1" 200 89
::1 - - [09/May/2024:13:30:04 -0600] "GET /template?file=vendedorRow.html HTTP/1.1" 200 675
127.0.0.1 - - [09/May/2024:13:30:09 -0600] "GET /interaccion HTTP/1.1" 200 1162
127.0.0.1 - - [09/May/2024:13:30:13 -0600] "GET /interaccion HTTP/1.1" 200 1162
127.0.0.1 - - [09/May/2024:13:30:13 -0600] "GET /css/styles.css HTTP/1.1" 200 780
127.0.0.1 - - [09/May/2024:13:30:13 -0600] "GET /favicon.ico HTTP/1.1" 200 15406
::1 - - [09/May/2024:14:03:59 -0600] "GET / HTTP/1.1" 200 1473
::1 - - [09/May/2024:14:05:04 -0600] "GET / HTTP/1.1" 200 4090
::1 - - [09/May/2024:14:05:07 -0600] "GET / HTTP/1.1" 200 4090
::1 - - [09/May/2024:14:05:10 -0600] "GET /resources/css/app.css HTTP/1.1" 200 1232
::1 - - [09/May/2024:14:05:12 -0600] "GET /vendedor HTTP/1.1" 302 334
::1 - - [09/May/2024:14:05:12 -0600] "GET /login HTTP/1.1" 200 3965
::1 - - [09/May/2024:14:05:18 -0600] "POST /login HTTP/1.1" 302 334
::1 - - [09/May/2024:14:05:19 -0600] "GET /login HTTP/1.1" 200 3965
::1 - - [09/May/2024:14:05:24 -0600] "POST /login HTTP/1.1" 302 334
::1 - - [09/May/2024:14:05:25 -0600] "GET /login HTTP/1.1" 200 3965
::1 - - [09/May/2024:14:06:09 -0600] "POST /login HTTP/1.1" 419 6609
::1 - - [09/May/2024:14:06:14 -0600] "GET / HTTP/1.1" 200 4090
::1 - - [09/May/2024:14:06:15 -0600] "GET /proveedor HTTP/1.1" 200 27154
::1 - - [09/May/2024:14:06:15 -0600] "GET /resources/js/globals.js HTTP/1.1" 200 1935
::1 - - [09/May/2024:14:06:16 -0600] "GET / HTTP/1.1" 200 4090
::1 - - [09/May/2024:14:06:18 -0600] "GET /vendedor HTTP/1.1" 302 334
::1 - - [09/May/2024:14:06:18 -0600] "GET /login HTTP/1.1" 200 3965
::1 - - [09/May/2024:14:06:24 -0600] "POST /login HTTP/1.1" 302 346
::1 - - [09/May/2024:14:06:25 -0600] "GET /vendedor HTTP/1.1" 200 8390
::1 - - [09/May/2024:14:06:25 -0600] "GET /template/tableHeader HTTP/1.1" 200 121
::1 - - [09/May/2024:14:06:25 -0600] "GET /template/vendedorRow HTTP/1.1" 200 833
::1 - - [09/May/2024:14:06:29 -0600] "GET / HTTP/1.1" 200 4090
::1 - - [09/May/2024:14:06:30 -0600] "GET /vendedor HTTP/1.1" 200 8390
::1 - - [09/May/2024:14:06:30 -0600] "GET /template/tableHeader HTTP/1.1" 200 121
::1 - - [09/May/2024:14:06:31 -0600] "GET /template/vendedorRow HTTP/1.1" 200 833
::1 - - [09/May/2024:14:06:31 -0600] "GET / HTTP/1.1" 200 4090
::1 - - [09/May/2024:14:06:32 -0600] "GET /proveedor HTTP/1.1" 200 27154
::1 - - [09/May/2024:14:06:33 -0600] "GET / HTTP/1.1" 200 4090
::1 - - [09/May/2024:14:06:34 -0600] "GET /producto HTTP/1.1" 200 36602
::1 - - [09/May/2024:14:06:35 -0600] "GET / HTTP/1.1" 200 4090
